c:\users\mmfur\desktop\projet\projet2\project2\project2\release\vc141.pdb
c:\users\mmfur\desktop\projet\projet2\project2\project2\release\texte.obj
c:\users\mmfur\desktop\projet\projet2\project2\project2\release\niveaux.obj
c:\users\mmfur\desktop\projet\projet2\project2\project2\release\missileennemi.obj
c:\users\mmfur\desktop\projet\projet2\project2\project2\release\missile.obj
c:\users\mmfur\desktop\projet\projet2\project2\project2\release\main.obj
c:\users\mmfur\desktop\projet\projet2\project2\project2\release\joueur.obj
c:\users\mmfur\desktop\projet\projet2\project2\project2\release\game.obj
c:\users\mmfur\desktop\projet\projet2\project2\project2\release\explosion.obj
c:\users\mmfur\desktop\projet\projet2\project2\project2\release\etoiles.obj
c:\users\mmfur\desktop\projet\projet2\project2\project2\release\entite.obj
c:\users\mmfur\desktop\projet\projet2\project2\project2\release\ennemi3.obj
c:\users\mmfur\desktop\projet\projet2\project2\project2\release\ennemi2.obj
c:\users\mmfur\desktop\projet\projet2\project2\project2\release\ennemi1.obj
c:\users\mmfur\desktop\projet\projet2\project2\project2\release\ennemi.obj
c:\users\mmfur\desktop\projet\projet2\project2\project2\release\bordure.obj
c:\users\mmfur\desktop\projet\projet2\project2\release\project2.ipdb
c:\users\mmfur\desktop\projet\projet2\project2\release\project2.iobj
c:\users\mmfur\desktop\projet\projet2\project2\project2\release\vc140.pdb
c:\users\mmfur\desktop\projet\projet2\project2\release\project2.pdb
c:\users\mmfur\desktop\projet\projet2\project2\release\project2.exe
c:\users\mmfur\desktop\projet\projet2\project2\project2\release\project2.tlog\cl.command.1.tlog
c:\users\mmfur\desktop\projet\projet2\project2\project2\release\project2.tlog\cl.read.1.tlog
c:\users\mmfur\desktop\projet\projet2\project2\project2\release\project2.tlog\cl.write.1.tlog
c:\users\mmfur\desktop\projet\projet2\project2\project2\release\project2.tlog\link.command.1.tlog
c:\users\mmfur\desktop\projet\projet2\project2\project2\release\project2.tlog\link.read.1.tlog
c:\users\mmfur\desktop\projet\projet2\project2\project2\release\project2.tlog\link.write.1.tlog
c:\users\mmfur\desktop\projet\projet2\project2\project2\release\project2.tlog\project2.write.1u.tlog
