c:\users\mmfur\adai\projet2\project2\project2\debug\vc141.pdb
c:\users\mmfur\adai\projet2\project2\project2\debug\vc141.idb
c:\users\mmfur\adai\projet2\project2\project2\debug\texte.obj
c:\users\mmfur\adai\projet2\project2\project2\debug\missile.obj
c:\users\mmfur\adai\projet2\project2\project2\debug\etoiles.obj
c:\users\mmfur\adai\projet2\project2\project2\debug\ennemi3.obj
c:\users\mmfur\adai\projet2\project2\project2\debug\ennemi2.obj
c:\users\mmfur\adai\projet2\project2\project2\debug\ennemi1.obj
c:\users\mmfur\adai\projet2\project2\project2\debug\ennemi.obj
c:\users\mmfur\adai\projet2\project2\project2\debug\bordure.obj
c:\users\mmfur\adai\projet2\project2\project2\debug\main.obj
c:\users\mmfur\adai\projet2\project2\project2\debug\joueur.obj
c:\users\mmfur\adai\projet2\project2\project2\debug\explosion.obj
c:\users\mmfur\adai\projet2\project2\project2\debug\game.obj
c:\users\mmfur\adai\projet2\project2\debug\project2.exe
c:\users\mmfur\adai\projet2\project2\debug\project2.ilk
c:\users\mmfur\adai\projet2\project2\debug\project2.pdb
c:\users\mmfur\adai\projet2\project2\project2\debug\project2.tlog\cl.command.1.tlog
c:\users\mmfur\adai\projet2\project2\project2\debug\project2.tlog\cl.read.1.tlog
c:\users\mmfur\adai\projet2\project2\project2\debug\project2.tlog\cl.write.1.tlog
c:\users\mmfur\adai\projet2\project2\project2\debug\project2.tlog\link.command.1.tlog
c:\users\mmfur\adai\projet2\project2\project2\debug\project2.tlog\link.read.1.tlog
c:\users\mmfur\adai\projet2\project2\project2\debug\project2.tlog\link.write.1.tlog
