  Bordure.cpp
  Ennemi.cpp
c:\users\mmfur\desktop\projet\projet2\project2\project2\ennemi.cpp(37): warning C4244: 'argument' : conversion de 'float' en 'int', perte possible de données
c:\users\mmfur\desktop\projet\projet2\project2\project2\ennemi.cpp(40): warning C4244: 'argument' : conversion de 'int' en 'float', perte possible de données
  Ennemi1.cpp
c:\users\mmfur\desktop\projet\projet2\project2\project2\ennemi1.cpp(22): warning C4244: 'argument' : conversion de 'const int' en 'float', perte possible de données
c:\users\mmfur\desktop\projet\projet2\project2\project2\ennemi1.cpp(22): warning C4244: 'argument' : conversion de 'int' en 'float', perte possible de données
  Ennemi2.cpp
c:\users\mmfur\desktop\projet\projet2\project2\project2\ennemi2.cpp(25): warning C4244: 'argument' : conversion de 'const int' en 'float', perte possible de données
c:\users\mmfur\desktop\projet\projet2\project2\project2\ennemi2.cpp(25): warning C4244: 'argument' : conversion de 'int' en 'float', perte possible de données
  Ennemi3.cpp
c:\users\mmfur\desktop\projet\projet2\project2\project2\ennemi3.cpp(19): warning C4244: 'argument' : conversion de 'const int' en 'float', perte possible de données
c:\users\mmfur\desktop\projet\projet2\project2\project2\ennemi3.cpp(19): warning C4244: 'argument' : conversion de 'int' en 'float', perte possible de données
  Entite.cpp
  Etoiles.cpp
  Explosion.cpp
c:\users\mmfur\desktop\projet\projet2\project2\project2\explosion.cpp(20): warning C4244: 'argument' : conversion de 'int' en 'float', perte possible de données
c:\users\mmfur\desktop\projet\projet2\project2\project2\explosion.cpp(21): warning C4244: 'argument' : conversion de 'const int' en 'float', perte possible de données
c:\users\mmfur\desktop\projet\projet2\project2\project2\explosion.cpp(21): warning C4244: 'argument' : conversion de 'int' en 'float', perte possible de données
  Game.cpp
c:\users\mmfur\desktop\projet\projet2\project2\project2\niveaux.h(105): warning C4244: 'argument' : conversion de 'int' en 'float', perte possible de données
c:\users\mmfur\desktop\projet\projet2\project2\project2\niveaux.h(122): warning C4244: 'argument' : conversion de 'int' en 'float', perte possible de données
c:\users\mmfur\desktop\projet\projet2\project2\project2\niveaux.h(139): warning C4244: 'argument' : conversion de 'int' en 'float', perte possible de données
c:\users\mmfur\desktop\projet\projet2\project2\project2\niveaux.h(155): warning C4244: 'argument' : conversion de 'int' en 'float', perte possible de données
c:\users\mmfur\desktop\projet\projet2\project2\project2\game.cpp(11): warning C4018: '<' : incompatibilité signed/unsigned
c:\users\mmfur\desktop\projet\projet2\project2\project2\game.cpp(20): warning C4018: '<' : incompatibilité signed/unsigned
c:\users\mmfur\desktop\projet\projet2\project2\project2\game.cpp(29): warning C4018: '<' : incompatibilité signed/unsigned
c:\users\mmfur\desktop\projet\projet2\project2\project2\game.cpp(39): warning C4018: '<' : incompatibilité signed/unsigned
c:\users\mmfur\desktop\projet\projet2\project2\project2\game.cpp(69): warning C4244: 'argument' : conversion de 'time_t' en 'unsigned int', perte possible de données
c:\users\mmfur\desktop\projet\projet2\project2\project2\game.cpp(131): warning C4305: 'argument' : troncation de 'double' à 'float'
c:\users\mmfur\desktop\projet\projet2\project2\project2\game.cpp(191): warning C4244: 'argument' : conversion de 'int' en 'float', perte possible de données
c:\users\mmfur\desktop\projet\projet2\project2\project2\game.cpp(192): warning C4244: 'argument' : conversion de 'int' en 'float', perte possible de données
c:\users\mmfur\desktop\projet\projet2\project2\project2\game.cpp(359): warning C4018: '<' : incompatibilité signed/unsigned
c:\users\mmfur\desktop\projet\projet2\project2\project2\game.cpp(375): warning C4018: '<' : incompatibilité signed/unsigned
c:\users\mmfur\desktop\projet\projet2\project2\project2\game.cpp(430): warning C4244: 'argument' : conversion de 'float' en 'sf::Uint8', perte possible de données
c:\users\mmfur\desktop\projet\projet2\project2\project2\game.cpp(431): warning C4244: 'argument' : conversion de 'float' en 'sf::Uint8', perte possible de données
  Joueur.cpp
c:\users\mmfur\desktop\projet\projet2\project2\project2\joueur.cpp(23): warning C4244: 'argument' : conversion de 'const int' en 'float', perte possible de données
c:\users\mmfur\desktop\projet\projet2\project2\project2\joueur.cpp(23): warning C4244: 'argument' : conversion de 'int' en 'float', perte possible de données
c:\users\mmfur\desktop\projet\projet2\project2\project2\joueur.cpp(140): warning C4305: '-=' : troncation de 'double' à 'float'
c:\users\mmfur\desktop\projet\projet2\project2\project2\joueur.cpp(146): warning C4305: '+=' : troncation de 'double' à 'float'
  Main.cpp
c:\users\mmfur\desktop\projet\projet2\project2\project2\niveaux.h(105): warning C4244: 'argument' : conversion de 'int' en 'float', perte possible de données
c:\users\mmfur\desktop\projet\projet2\project2\project2\niveaux.h(122): warning C4244: 'argument' : conversion de 'int' en 'float', perte possible de données
c:\users\mmfur\desktop\projet\projet2\project2\project2\niveaux.h(139): warning C4244: 'argument' : conversion de 'int' en 'float', perte possible de données
c:\users\mmfur\desktop\projet\projet2\project2\project2\niveaux.h(155): warning C4244: 'argument' : conversion de 'int' en 'float', perte possible de données
  Missile.cpp
  MissileEnnemi.cpp
  Niveaux.cpp
c:\users\mmfur\desktop\projet\projet2\project2\project2\niveaux.h(105): warning C4244: 'argument' : conversion de 'int' en 'float', perte possible de données
c:\users\mmfur\desktop\projet\projet2\project2\project2\niveaux.h(122): warning C4244: 'argument' : conversion de 'int' en 'float', perte possible de données
c:\users\mmfur\desktop\projet\projet2\project2\project2\niveaux.h(139): warning C4244: 'argument' : conversion de 'int' en 'float', perte possible de données
c:\users\mmfur\desktop\projet\projet2\project2\project2\niveaux.h(155): warning C4244: 'argument' : conversion de 'int' en 'float', perte possible de données
c:\users\mmfur\desktop\projet\projet2\project2\project2\niveaux.cpp(23): warning C4018: '<' : incompatibilité signed/unsigned
c:\users\mmfur\desktop\projet\projet2\project2\project2\niveaux.cpp(25): warning C4244: 'initialisation' : conversion de 'double' en 'float', perte possible de données
c:\users\mmfur\desktop\projet\projet2\project2\project2\niveaux.cpp(45): warning C4018: '<' : incompatibilité signed/unsigned
c:\users\mmfur\desktop\projet\projet2\project2\project2\niveaux.cpp(47): warning C4244: 'argument' : conversion de 'int' en 'float', perte possible de données
c:\users\mmfur\desktop\projet\projet2\project2\project2\niveaux.cpp(48): warning C4244: 'argument' : conversion de 'int' en 'float', perte possible de données
c:\users\mmfur\desktop\projet\projet2\project2\project2\niveaux.cpp(57): warning C4305: 'argument' : troncation de 'double' à 'float'
c:\users\mmfur\desktop\projet\projet2\project2\project2\niveaux.cpp(58): warning C4305: 'argument' : troncation de 'double' à 'float'
c:\users\mmfur\desktop\projet\projet2\project2\project2\niveaux.cpp(59): warning C4305: 'argument' : troncation de 'double' à 'float'
c:\users\mmfur\desktop\projet\projet2\project2\project2\niveaux.cpp(62): warning C4305: 'argument' : troncation de 'double' à 'float'
c:\users\mmfur\desktop\projet\projet2\project2\project2\niveaux.cpp(80): warning C4018: '<' : incompatibilité signed/unsigned
c:\users\mmfur\desktop\projet\projet2\project2\project2\niveaux.cpp(82): warning C4244: 'initialisation' : conversion de 'double' en 'float', perte possible de données
c:\users\mmfur\desktop\projet\projet2\project2\project2\niveaux.cpp(99): warning C4018: '<' : incompatibilité signed/unsigned
c:\users\mmfur\desktop\projet\projet2\project2\project2\niveaux.cpp(109): warning C4305: 'argument' : troncation de 'double' à 'float'
c:\users\mmfur\desktop\projet\projet2\project2\project2\niveaux.cpp(111): warning C4305: 'argument' : troncation de 'double' à 'float'
c:\users\mmfur\desktop\projet\projet2\project2\project2\niveaux.cpp(113): warning C4305: 'argument' : troncation de 'double' à 'float'
c:\users\mmfur\desktop\projet\projet2\project2\project2\niveaux.cpp(115): warning C4305: 'argument' : troncation de 'double' à 'float'
c:\users\mmfur\desktop\projet\projet2\project2\project2\niveaux.cpp(117): warning C4305: 'argument' : troncation de 'double' à 'float'
c:\users\mmfur\desktop\projet\projet2\project2\project2\niveaux.cpp(119): warning C4305: 'argument' : troncation de 'double' à 'float'
c:\users\mmfur\desktop\projet\projet2\project2\project2\niveaux.cpp(121): warning C4305: 'argument' : troncation de 'double' à 'float'
c:\users\mmfur\desktop\projet\projet2\project2\project2\niveaux.cpp(122): warning C4305: 'argument' : troncation de 'double' à 'float'
c:\users\mmfur\desktop\projet\projet2\project2\project2\niveaux.cpp(123): warning C4305: 'argument' : troncation de 'double' à 'float'
c:\users\mmfur\desktop\projet\projet2\project2\project2\niveaux.cpp(125): warning C4305: 'argument' : troncation de 'double' à 'float'
c:\users\mmfur\desktop\projet\projet2\project2\project2\niveaux.cpp(126): warning C4305: 'argument' : troncation de 'double' à 'float'
c:\users\mmfur\desktop\projet\projet2\project2\project2\niveaux.cpp(127): warning C4305: 'argument' : troncation de 'double' à 'float'
c:\users\mmfur\desktop\projet\projet2\project2\project2\niveaux.cpp(156): warning C4018: '<' : incompatibilité signed/unsigned
c:\users\mmfur\desktop\projet\projet2\project2\project2\niveaux.cpp(196): warning C4244: 'argument' : conversion de 'int' en 'float', perte possible de données
c:\users\mmfur\desktop\projet\projet2\project2\project2\niveaux.cpp(204): warning C4244: 'argument' : conversion de 'int' en 'float', perte possible de données
c:\users\mmfur\desktop\projet\projet2\project2\project2\niveaux.cpp(208): warning C4244: 'argument' : conversion de 'int' en 'float', perte possible de données
c:\users\mmfur\desktop\projet\projet2\project2\project2\niveaux.cpp(252): warning C4018: '<' : incompatibilité signed/unsigned
c:\users\mmfur\desktop\projet\projet2\project2\project2\niveaux.cpp(254): warning C4244: 'initialisation' : conversion de 'double' en 'float', perte possible de données
c:\users\mmfur\desktop\projet\projet2\project2\project2\niveaux.cpp(259): warning C4018: '<' : incompatibilité signed/unsigned
c:\users\mmfur\desktop\projet\projet2\project2\project2\niveaux.cpp(277): warning C4305: '+=' : troncation de 'double' à 'float'
c:\users\mmfur\desktop\projet\projet2\project2\project2\niveaux.cpp(285): warning C4018: '<' : incompatibilité signed/unsigned
c:\users\mmfur\desktop\projet\projet2\project2\project2\niveaux.cpp(297): warning C4244: 'argument' : conversion de 'float' en 'int', perte possible de données
c:\users\mmfur\desktop\projet\projet2\project2\project2\niveaux.cpp(303): warning C4018: '<' : incompatibilité signed/unsigned
c:\users\mmfur\desktop\projet\projet2\project2\project2\niveaux.cpp(307): warning C4244: 'argument' : conversion de 'int' en 'float', perte possible de données
c:\users\mmfur\desktop\projet\projet2\project2\project2\niveaux.cpp(312): warning C4244: 'argument' : conversion de 'float' en 'int', perte possible de données
c:\users\mmfur\desktop\projet\projet2\project2\project2\niveaux.cpp(322): warning C4018: '<' : incompatibilité signed/unsigned
c:\users\mmfur\desktop\projet\projet2\project2\project2\niveaux.cpp(331): warning C4305: '-=' : troncation de 'double' à 'float'
c:\users\mmfur\desktop\projet\projet2\project2\project2\niveaux.cpp(340): warning C4305: 'argument' : troncation de 'double' à 'float'
c:\users\mmfur\desktop\projet\projet2\project2\project2\niveaux.cpp(372): warning C4018: '<' : incompatibilité signed/unsigned
  Texte.cpp
  Génération de code en cours...
sfml-graphics-s.lib(Transformable.cpp.obj) : error LNK2038: discordance détectée pour '_ITERATOR_DEBUG_LEVEL' : la valeur '0' ne correspond pas à la valeur '2' in Bordure.obj
sfml-graphics-s.lib(Transformable.cpp.obj) : error LNK2038: discordance détectée pour 'RuntimeLibrary' : la valeur 'MD_DynamicRelease' ne correspond pas à la valeur 'MDd_DynamicDebug' in Bordure.obj
sfml-graphics-s.lib(Shape.cpp.obj) : error LNK2038: discordance détectée pour '_ITERATOR_DEBUG_LEVEL' : la valeur '0' ne correspond pas à la valeur '2' in Bordure.obj
sfml-graphics-s.lib(Shape.cpp.obj) : error LNK2038: discordance détectée pour 'RuntimeLibrary' : la valeur 'MD_DynamicRelease' ne correspond pas à la valeur 'MDd_DynamicDebug' in Bordure.obj
sfml-graphics-s.lib(RectangleShape.cpp.obj) : error LNK2038: discordance détectée pour '_ITERATOR_DEBUG_LEVEL' : la valeur '0' ne correspond pas à la valeur '2' in Bordure.obj
sfml-graphics-s.lib(RectangleShape.cpp.obj) : error LNK2038: discordance détectée pour 'RuntimeLibrary' : la valeur 'MD_DynamicRelease' ne correspond pas à la valeur 'MDd_DynamicDebug' in Bordure.obj
sfml-graphics-s.lib(RenderTarget.cpp.obj) : error LNK2038: discordance détectée pour '_ITERATOR_DEBUG_LEVEL' : la valeur '0' ne correspond pas à la valeur '2' in Bordure.obj
sfml-graphics-s.lib(RenderTarget.cpp.obj) : error LNK2038: discordance détectée pour 'RuntimeLibrary' : la valeur 'MD_DynamicRelease' ne correspond pas à la valeur 'MDd_DynamicDebug' in Bordure.obj
sfml-graphics-s.lib(RenderStates.cpp.obj) : error LNK2038: discordance détectée pour '_ITERATOR_DEBUG_LEVEL' : la valeur '0' ne correspond pas à la valeur '2' in Bordure.obj
sfml-graphics-s.lib(RenderStates.cpp.obj) : error LNK2038: discordance détectée pour 'RuntimeLibrary' : la valeur 'MD_DynamicRelease' ne correspond pas à la valeur 'MDd_DynamicDebug' in Bordure.obj
sfml-graphics-s.lib(Color.cpp.obj) : error LNK2038: discordance détectée pour '_ITERATOR_DEBUG_LEVEL' : la valeur '0' ne correspond pas à la valeur '2' in Bordure.obj
sfml-graphics-s.lib(Color.cpp.obj) : error LNK2038: discordance détectée pour 'RuntimeLibrary' : la valeur 'MD_DynamicRelease' ne correspond pas à la valeur 'MDd_DynamicDebug' in Bordure.obj
sfml-graphics-s.lib(Texture.cpp.obj) : error LNK2038: discordance détectée pour '_ITERATOR_DEBUG_LEVEL' : la valeur '0' ne correspond pas à la valeur '2' in Bordure.obj
sfml-graphics-s.lib(Texture.cpp.obj) : error LNK2038: discordance détectée pour 'RuntimeLibrary' : la valeur 'MD_DynamicRelease' ne correspond pas à la valeur 'MDd_DynamicDebug' in Bordure.obj
sfml-graphics-s.lib(Sprite.cpp.obj) : error LNK2038: discordance détectée pour '_ITERATOR_DEBUG_LEVEL' : la valeur '0' ne correspond pas à la valeur '2' in Bordure.obj
sfml-graphics-s.lib(Sprite.cpp.obj) : error LNK2038: discordance détectée pour 'RuntimeLibrary' : la valeur 'MD_DynamicRelease' ne correspond pas à la valeur 'MDd_DynamicDebug' in Bordure.obj
sfml-graphics-s.lib(CircleShape.cpp.obj) : error LNK2038: discordance détectée pour '_ITERATOR_DEBUG_LEVEL' : la valeur '0' ne correspond pas à la valeur '2' in Bordure.obj
sfml-graphics-s.lib(CircleShape.cpp.obj) : error LNK2038: discordance détectée pour 'RuntimeLibrary' : la valeur 'MD_DynamicRelease' ne correspond pas à la valeur 'MDd_DynamicDebug' in Bordure.obj
sfml-graphics-s.lib(VertexArray.cpp.obj) : error LNK2038: discordance détectée pour '_ITERATOR_DEBUG_LEVEL' : la valeur '0' ne correspond pas à la valeur '2' in Bordure.obj
sfml-graphics-s.lib(VertexArray.cpp.obj) : error LNK2038: discordance détectée pour 'RuntimeLibrary' : la valeur 'MD_DynamicRelease' ne correspond pas à la valeur 'MDd_DynamicDebug' in Bordure.obj
sfml-graphics-s.lib(RenderWindow.cpp.obj) : error LNK2038: discordance détectée pour '_ITERATOR_DEBUG_LEVEL' : la valeur '0' ne correspond pas à la valeur '2' in Bordure.obj
sfml-graphics-s.lib(RenderWindow.cpp.obj) : error LNK2038: discordance détectée pour 'RuntimeLibrary' : la valeur 'MD_DynamicRelease' ne correspond pas à la valeur 'MDd_DynamicDebug' in Bordure.obj
sfml-graphics-s.lib(Text.cpp.obj) : error LNK2038: discordance détectée pour '_ITERATOR_DEBUG_LEVEL' : la valeur '0' ne correspond pas à la valeur '2' in Bordure.obj
sfml-graphics-s.lib(Text.cpp.obj) : error LNK2038: discordance détectée pour 'RuntimeLibrary' : la valeur 'MD_DynamicRelease' ne correspond pas à la valeur 'MDd_DynamicDebug' in Bordure.obj
sfml-graphics-s.lib(Font.cpp.obj) : error LNK2038: discordance détectée pour '_ITERATOR_DEBUG_LEVEL' : la valeur '0' ne correspond pas à la valeur '2' in Bordure.obj
sfml-graphics-s.lib(Font.cpp.obj) : error LNK2038: discordance détectée pour 'RuntimeLibrary' : la valeur 'MD_DynamicRelease' ne correspond pas à la valeur 'MDd_DynamicDebug' in Bordure.obj
sfml-graphics-s.lib(Transform.cpp.obj) : error LNK2038: discordance détectée pour '_ITERATOR_DEBUG_LEVEL' : la valeur '0' ne correspond pas à la valeur '2' in Bordure.obj
sfml-graphics-s.lib(Transform.cpp.obj) : error LNK2038: discordance détectée pour 'RuntimeLibrary' : la valeur 'MD_DynamicRelease' ne correspond pas à la valeur 'MDd_DynamicDebug' in Bordure.obj
sfml-graphics-s.lib(View.cpp.obj) : error LNK2038: discordance détectée pour '_ITERATOR_DEBUG_LEVEL' : la valeur '0' ne correspond pas à la valeur '2' in Bordure.obj
sfml-graphics-s.lib(View.cpp.obj) : error LNK2038: discordance détectée pour 'RuntimeLibrary' : la valeur 'MD_DynamicRelease' ne correspond pas à la valeur 'MDd_DynamicDebug' in Bordure.obj
sfml-graphics-s.lib(Shader.cpp.obj) : error LNK2038: discordance détectée pour '_ITERATOR_DEBUG_LEVEL' : la valeur '0' ne correspond pas à la valeur '2' in Bordure.obj
sfml-graphics-s.lib(Shader.cpp.obj) : error LNK2038: discordance détectée pour 'RuntimeLibrary' : la valeur 'MD_DynamicRelease' ne correspond pas à la valeur 'MDd_DynamicDebug' in Bordure.obj
sfml-graphics-s.lib(GLExtensions.cpp.obj) : error LNK2038: discordance détectée pour '_ITERATOR_DEBUG_LEVEL' : la valeur '0' ne correspond pas à la valeur '2' in Bordure.obj
sfml-graphics-s.lib(GLExtensions.cpp.obj) : error LNK2038: discordance détectée pour 'RuntimeLibrary' : la valeur 'MD_DynamicRelease' ne correspond pas à la valeur 'MDd_DynamicDebug' in Bordure.obj
sfml-graphics-s.lib(Image.cpp.obj) : error LNK2038: discordance détectée pour '_ITERATOR_DEBUG_LEVEL' : la valeur '0' ne correspond pas à la valeur '2' in Bordure.obj
sfml-graphics-s.lib(Image.cpp.obj) : error LNK2038: discordance détectée pour 'RuntimeLibrary' : la valeur 'MD_DynamicRelease' ne correspond pas à la valeur 'MDd_DynamicDebug' in Bordure.obj
sfml-graphics-s.lib(Glsl.cpp.obj) : error LNK2038: discordance détectée pour '_ITERATOR_DEBUG_LEVEL' : la valeur '0' ne correspond pas à la valeur '2' in Bordure.obj
sfml-graphics-s.lib(Glsl.cpp.obj) : error LNK2038: discordance détectée pour 'RuntimeLibrary' : la valeur 'MD_DynamicRelease' ne correspond pas à la valeur 'MDd_DynamicDebug' in Bordure.obj
sfml-graphics-s.lib(ImageLoader.cpp.obj) : error LNK2038: discordance détectée pour '_ITERATOR_DEBUG_LEVEL' : la valeur '0' ne correspond pas à la valeur '2' in Bordure.obj
sfml-graphics-s.lib(ImageLoader.cpp.obj) : error LNK2038: discordance détectée pour 'RuntimeLibrary' : la valeur 'MD_DynamicRelease' ne correspond pas à la valeur 'MDd_DynamicDebug' in Bordure.obj
sfml-window-s.lib(VideoMode.cpp.obj) : error LNK2038: discordance détectée pour '_ITERATOR_DEBUG_LEVEL' : la valeur '0' ne correspond pas à la valeur '2' in Bordure.obj
sfml-window-s.lib(VideoMode.cpp.obj) : error LNK2038: discordance détectée pour 'RuntimeLibrary' : la valeur 'MD_DynamicRelease' ne correspond pas à la valeur 'MDd_DynamicDebug' in Bordure.obj
sfml-window-s.lib(Window.cpp.obj) : error LNK2038: discordance détectée pour '_ITERATOR_DEBUG_LEVEL' : la valeur '0' ne correspond pas à la valeur '2' in Bordure.obj
sfml-window-s.lib(Window.cpp.obj) : error LNK2038: discordance détectée pour 'RuntimeLibrary' : la valeur 'MD_DynamicRelease' ne correspond pas à la valeur 'MDd_DynamicDebug' in Bordure.obj
sfml-window-s.lib(Context.cpp.obj) : error LNK2038: discordance détectée pour '_ITERATOR_DEBUG_LEVEL' : la valeur '0' ne correspond pas à la valeur '2' in Bordure.obj
sfml-window-s.lib(Context.cpp.obj) : error LNK2038: discordance détectée pour 'RuntimeLibrary' : la valeur 'MD_DynamicRelease' ne correspond pas à la valeur 'MDd_DynamicDebug' in Bordure.obj
sfml-window-s.lib(InputImpl.cpp.obj) : error LNK2038: discordance détectée pour '_ITERATOR_DEBUG_LEVEL' : la valeur '0' ne correspond pas à la valeur '2' in Bordure.obj
sfml-window-s.lib(InputImpl.cpp.obj) : error LNK2038: discordance détectée pour 'RuntimeLibrary' : la valeur 'MD_DynamicRelease' ne correspond pas à la valeur 'MDd_DynamicDebug' in Bordure.obj
sfml-window-s.lib(VideoModeImpl.cpp.obj) : error LNK2038: discordance détectée pour '_ITERATOR_DEBUG_LEVEL' : la valeur '0' ne correspond pas à la valeur '2' in Bordure.obj
sfml-window-s.lib(VideoModeImpl.cpp.obj) : error LNK2038: discordance détectée pour 'RuntimeLibrary' : la valeur 'MD_DynamicRelease' ne correspond pas à la valeur 'MDd_DynamicDebug' in Bordure.obj
sfml-window-s.lib(GlContext.cpp.obj) : error LNK2038: discordance détectée pour '_ITERATOR_DEBUG_LEVEL' : la valeur '0' ne correspond pas à la valeur '2' in Bordure.obj
sfml-window-s.lib(GlContext.cpp.obj) : error LNK2038: discordance détectée pour 'RuntimeLibrary' : la valeur 'MD_DynamicRelease' ne correspond pas à la valeur 'MDd_DynamicDebug' in Bordure.obj
sfml-window-s.lib(WindowImpl.cpp.obj) : error LNK2038: discordance détectée pour '_ITERATOR_DEBUG_LEVEL' : la valeur '0' ne correspond pas à la valeur '2' in Bordure.obj
sfml-window-s.lib(WindowImpl.cpp.obj) : error LNK2038: discordance détectée pour 'RuntimeLibrary' : la valeur 'MD_DynamicRelease' ne correspond pas à la valeur 'MDd_DynamicDebug' in Bordure.obj
sfml-window-s.lib(WglContext.cpp.obj) : error LNK2038: discordance détectée pour '_ITERATOR_DEBUG_LEVEL' : la valeur '0' ne correspond pas à la valeur '2' in Bordure.obj
sfml-window-s.lib(WglContext.cpp.obj) : error LNK2038: discordance détectée pour 'RuntimeLibrary' : la valeur 'MD_DynamicRelease' ne correspond pas à la valeur 'MDd_DynamicDebug' in Bordure.obj
sfml-window-s.lib(JoystickManager.cpp.obj) : error LNK2038: discordance détectée pour '_ITERATOR_DEBUG_LEVEL' : la valeur '0' ne correspond pas à la valeur '2' in Bordure.obj
sfml-window-s.lib(JoystickManager.cpp.obj) : error LNK2038: discordance détectée pour 'RuntimeLibrary' : la valeur 'MD_DynamicRelease' ne correspond pas à la valeur 'MDd_DynamicDebug' in Bordure.obj
sfml-window-s.lib(SensorManager.cpp.obj) : error LNK2038: discordance détectée pour '_ITERATOR_DEBUG_LEVEL' : la valeur '0' ne correspond pas à la valeur '2' in Bordure.obj
sfml-window-s.lib(SensorManager.cpp.obj) : error LNK2038: discordance détectée pour 'RuntimeLibrary' : la valeur 'MD_DynamicRelease' ne correspond pas à la valeur 'MDd_DynamicDebug' in Bordure.obj
sfml-window-s.lib(WindowImplWin32.cpp.obj) : error LNK2038: discordance détectée pour '_ITERATOR_DEBUG_LEVEL' : la valeur '0' ne correspond pas à la valeur '2' in Bordure.obj
sfml-window-s.lib(WindowImplWin32.cpp.obj) : error LNK2038: discordance détectée pour 'RuntimeLibrary' : la valeur 'MD_DynamicRelease' ne correspond pas à la valeur 'MDd_DynamicDebug' in Bordure.obj
sfml-window-s.lib(WglExtensions.cpp.obj) : error LNK2038: discordance détectée pour '_ITERATOR_DEBUG_LEVEL' : la valeur '0' ne correspond pas à la valeur '2' in Bordure.obj
sfml-window-s.lib(WglExtensions.cpp.obj) : error LNK2038: discordance détectée pour 'RuntimeLibrary' : la valeur 'MD_DynamicRelease' ne correspond pas à la valeur 'MDd_DynamicDebug' in Bordure.obj
sfml-window-s.lib(Joystick.cpp.obj) : error LNK2038: discordance détectée pour '_ITERATOR_DEBUG_LEVEL' : la valeur '0' ne correspond pas à la valeur '2' in Bordure.obj
sfml-window-s.lib(Joystick.cpp.obj) : error LNK2038: discordance détectée pour 'RuntimeLibrary' : la valeur 'MD_DynamicRelease' ne correspond pas à la valeur 'MDd_DynamicDebug' in Bordure.obj
sfml-window-s.lib(JoystickImpl.cpp.obj) : error LNK2038: discordance détectée pour '_ITERATOR_DEBUG_LEVEL' : la valeur '0' ne correspond pas à la valeur '2' in Bordure.obj
sfml-window-s.lib(JoystickImpl.cpp.obj) : error LNK2038: discordance détectée pour 'RuntimeLibrary' : la valeur 'MD_DynamicRelease' ne correspond pas à la valeur 'MDd_DynamicDebug' in Bordure.obj
sfml-system-s.lib(String.cpp.obj) : error LNK2038: discordance détectée pour '_ITERATOR_DEBUG_LEVEL' : la valeur '0' ne correspond pas à la valeur '2' in Bordure.obj
sfml-system-s.lib(String.cpp.obj) : error LNK2038: discordance détectée pour 'RuntimeLibrary' : la valeur 'MD_DynamicRelease' ne correspond pas à la valeur 'MDd_DynamicDebug' in Bordure.obj
sfml-system-s.lib(Err.cpp.obj) : error LNK2038: discordance détectée pour '_ITERATOR_DEBUG_LEVEL' : la valeur '0' ne correspond pas à la valeur '2' in Bordure.obj
sfml-system-s.lib(Err.cpp.obj) : error LNK2038: discordance détectée pour 'RuntimeLibrary' : la valeur 'MD_DynamicRelease' ne correspond pas à la valeur 'MDd_DynamicDebug' in Bordure.obj
sfml-system-s.lib(ThreadLocal.cpp.obj) : error LNK2038: discordance détectée pour '_ITERATOR_DEBUG_LEVEL' : la valeur '0' ne correspond pas à la valeur '2' in Bordure.obj
sfml-system-s.lib(ThreadLocal.cpp.obj) : error LNK2038: discordance détectée pour 'RuntimeLibrary' : la valeur 'MD_DynamicRelease' ne correspond pas à la valeur 'MDd_DynamicDebug' in Bordure.obj
LINK : warning LNK4098: conflit entre la bibliothèque par défaut 'MSVCRT' et les autres bibliothèques ; utilisez /NODEFAULTLIB:library
C:\Users\mmfur\Desktop\Projet\Projet2\Project2\Debug\Project2.exe : fatal error LNK1319: 74 discordances détectées
